<?xml version="1.0" encoding="UTF-8"?>
<!-- Generated by org.testng.reporters.JUnitReportReporter -->
<testsuite hostname="LAPTOP-HA74NOBF" failures="0" tests="6" name="api.test.DDTests" time="10.473" errors="0" timestamp="2023-11-11T22:22:13 IST" skipped="0">
  <testcase classname="api.test.DDTests" name="testPostUsers" time="1.444"/>
  <system-out/>
  <testcase classname="api.test.DDTests" name="testPostUsers" time="1.424"/>
  <system-out/>
  <testcase classname="api.test.DDTests" name="testPostUsers" time="3.329"/>
  <system-out/>
  <testcase classname="api.test.DDTests" name="deleteuserbyName" time="1.441"/>
  <system-out/>
  <testcase classname="api.test.DDTests" name="deleteuserbyName" time="1.396"/>
  <system-out/>
  <testcase classname="api.test.DDTests" name="deleteuserbyName" time="1.439"/>
  <system-out/>
</testsuite> <!-- api.test.DDTests -->
